[0.173s] colcon DEBUG Command line arguments: ['/usr/bin/colcon', 'list', '-n']
[0.173s] colcon DEBUG Parsed command line arguments: Namespace(base_paths=['.'], build_base='build', ignore_user_meta=False, log_base=None, log_level=None, main=<bound method ListVerb.main of <colcon_package_information.verb.list.ListVerb object at 0x7f81bae957c0>>, metas=['./colcon.meta'], names_only=True, packages_above=None, packages_above_and_dependencies=None, packages_above_depth=None, packages_end=None, packages_ignore=None, packages_ignore_regex=None, packages_select=None, packages_select_build_failed=False, packages_select_by_dep=None, packages_select_regex=None, packages_select_test_failures=False, packages_skip=None, packages_skip_build_finished=False, packages_skip_by_dep=None, packages_skip_regex=None, packages_skip_test_passed=False, packages_skip_up_to=None, packages_start=None, packages_up_to=None, packages_up_to_regex=None, paths=None, paths_only=False, topological_graph=False, topological_graph_density=False, topological_graph_dot=False, topological_graph_dot_cluster=False, topological_graph_dot_include_skipped=False, topological_graph_legend=False, topological_order=False, verb_extension=<colcon_package_information.verb.list.ListVerb object at 0x7f81bae957c0>, verb_name='list', verb_parser=<colcon_defaults.argument_parser.defaults.DefaultArgumentsDecorator object at 0x7f81bae11520>)
[0.185s] colcon.colcon_core.package_discovery Level 1 discover_packages(colcon_meta) check parameters
[0.185s] colcon.colcon_core.package_discovery Level 1 discover_packages(recursive) check parameters
[0.185s] colcon.colcon_core.package_discovery Level 1 discover_packages(ignore) check parameters
[0.185s] colcon.colcon_core.package_discovery Level 1 discover_packages(path) check parameters
[0.185s] colcon.colcon_core.package_discovery Level 1 discover_packages(colcon_meta) discover
[0.185s] colcon.colcon_core.package_discovery Level 1 discover_packages(recursive) discover
[0.185s] colcon.colcon_core.package_discovery INFO Crawling recursively for packages in '/home/song/angel_db_test_docker/angel_db'
[0.185s] colcon.colcon_core.package_identification Level 1 _identify(.) by extensions ['ignore', 'ignore_ament_install']
[0.185s] colcon.colcon_core.package_identification Level 1 _identify(.) by extension 'ignore'
[0.185s] colcon.colcon_core.package_identification Level 1 _identify(.) by extension 'ignore_ament_install'
[0.186s] colcon.colcon_core.package_identification Level 1 _identify(.) by extensions ['colcon_pkg']
[0.186s] colcon.colcon_core.package_identification Level 1 _identify(.) by extension 'colcon_pkg'
[0.186s] colcon.colcon_core.package_identification Level 1 _identify(.) by extensions ['colcon_meta']
[0.186s] colcon.colcon_core.package_identification Level 1 _identify(.) by extension 'colcon_meta'
[0.186s] colcon.colcon_core.package_identification Level 1 _identify(.) by extensions ['ros']
[0.186s] colcon.colcon_core.package_identification Level 1 _identify(.) by extension 'ros'
[0.192s] colcon.colcon_core.package_identification Level 1 _identify(.) by extensions ['cmake', 'python']
[0.192s] colcon.colcon_core.package_identification Level 1 _identify(.) by extension 'cmake'
[0.192s] colcon.colcon_core.package_identification Level 1 _identify(.) by extension 'python'
[0.192s] colcon.colcon_core.package_identification Level 1 _identify(.) by extensions ['python_setup_py']
[0.192s] colcon.colcon_core.package_identification Level 1 _identify(.) by extension 'python_setup_py'
[0.193s] colcon.colcon_core.package_identification Level 1 _identify(log) by extensions ['ignore', 'ignore_ament_install']
[0.193s] colcon.colcon_core.package_identification Level 1 _identify(log) by extension 'ignore'
[0.193s] colcon.colcon_core.package_identification Level 1 _identify(log) ignored
[0.193s] colcon.colcon_core.package_identification Level 1 _identify(src) by extensions ['ignore', 'ignore_ament_install']
[0.193s] colcon.colcon_core.package_identification Level 1 _identify(src) by extension 'ignore'
[0.193s] colcon.colcon_core.package_identification Level 1 _identify(src) by extension 'ignore_ament_install'
[0.193s] colcon.colcon_core.package_identification Level 1 _identify(src) by extensions ['colcon_pkg']
[0.193s] colcon.colcon_core.package_identification Level 1 _identify(src) by extension 'colcon_pkg'
[0.193s] colcon.colcon_core.package_identification Level 1 _identify(src) by extensions ['colcon_meta']
[0.193s] colcon.colcon_core.package_identification Level 1 _identify(src) by extension 'colcon_meta'
[0.193s] colcon.colcon_core.package_identification Level 1 _identify(src) by extensions ['ros']
[0.193s] colcon.colcon_core.package_identification Level 1 _identify(src) by extension 'ros'
[0.193s] colcon.colcon_core.package_identification Level 1 _identify(src) by extensions ['cmake', 'python']
[0.193s] colcon.colcon_core.package_identification Level 1 _identify(src) by extension 'cmake'
[0.193s] colcon.colcon_core.package_identification Level 1 _identify(src) by extension 'python'
[0.193s] colcon.colcon_core.package_identification Level 1 _identify(src) by extensions ['python_setup_py']
[0.193s] colcon.colcon_core.package_identification Level 1 _identify(src) by extension 'python_setup_py'
[0.193s] colcon.colcon_core.package_identification Level 1 _identify(src/angel_db) by extensions ['ignore', 'ignore_ament_install']
[0.193s] colcon.colcon_core.package_identification Level 1 _identify(src/angel_db) by extension 'ignore'
[0.193s] colcon.colcon_core.package_identification Level 1 _identify(src/angel_db) by extension 'ignore_ament_install'
[0.193s] colcon.colcon_core.package_identification Level 1 _identify(src/angel_db) by extensions ['colcon_pkg']
[0.193s] colcon.colcon_core.package_identification Level 1 _identify(src/angel_db) by extension 'colcon_pkg'
[0.193s] colcon.colcon_core.package_identification Level 1 _identify(src/angel_db) by extensions ['colcon_meta']
[0.193s] colcon.colcon_core.package_identification Level 1 _identify(src/angel_db) by extension 'colcon_meta'
[0.193s] colcon.colcon_core.package_identification Level 1 _identify(src/angel_db) by extensions ['ros']
[0.193s] colcon.colcon_core.package_identification Level 1 _identify(src/angel_db) by extension 'ros'
[0.193s] colcon.colcon_core.package_identification Level 1 _identify(src/angel_db) by extensions ['cmake', 'python']
[0.193s] colcon.colcon_core.package_identification Level 1 _identify(src/angel_db) by extension 'cmake'
[0.193s] colcon.colcon_core.package_identification Level 1 _identify(src/angel_db) by extension 'python'
[0.194s] colcon.colcon_core.package_identification Level 1 _identify(src/angel_db) by extensions ['python_setup_py']
[0.194s] colcon.colcon_core.package_identification Level 1 _identify(src/angel_db) by extension 'python_setup_py'
[0.194s] colcon.colcon_core.package_identification Level 1 _identify(src/angel_db/angel_db_manager) by extensions ['ignore', 'ignore_ament_install']
[0.194s] colcon.colcon_core.package_identification Level 1 _identify(src/angel_db/angel_db_manager) by extension 'ignore'
[0.194s] colcon.colcon_core.package_identification Level 1 _identify(src/angel_db/angel_db_manager) by extension 'ignore_ament_install'
[0.194s] colcon.colcon_core.package_identification Level 1 _identify(src/angel_db/angel_db_manager) by extensions ['colcon_pkg']
[0.194s] colcon.colcon_core.package_identification Level 1 _identify(src/angel_db/angel_db_manager) by extension 'colcon_pkg'
[0.194s] colcon.colcon_core.package_identification Level 1 _identify(src/angel_db/angel_db_manager) by extensions ['colcon_meta']
[0.194s] colcon.colcon_core.package_identification Level 1 _identify(src/angel_db/angel_db_manager) by extension 'colcon_meta'
[0.194s] colcon.colcon_core.package_identification Level 1 _identify(src/angel_db/angel_db_manager) by extensions ['ros']
[0.194s] colcon.colcon_core.package_identification Level 1 _identify(src/angel_db/angel_db_manager) by extension 'ros'
[0.195s] colcon.colcon_core.package_identification DEBUG Failed to parse potential ROS package manifest in'src/angel_db/angel_db_manager': Error(s) in package 'src/angel_db/angel_db_manager/package.xml':
Error(s):
- The manifest of package "angel_db_manager" (with format version 2) must not contain the following tags: exec_depent
[0.195s] colcon.colcon_core.package_identification Level 1 _identify(src/angel_db/angel_db_manager) by extensions ['cmake', 'python']
[0.195s] colcon.colcon_core.package_identification Level 1 _identify(src/angel_db/angel_db_manager) by extension 'cmake'
[0.195s] colcon.colcon_core.package_identification Level 1 _identify(src/angel_db/angel_db_manager) by extension 'python'
[0.195s] colcon.colcon_core.package_identification DEBUG Python package in 'src/angel_db/angel_db_manager' passes arguments to the setup() function which requires a different identification extension than 'python'
[0.195s] colcon.colcon_core.package_identification Level 1 _identify(src/angel_db/angel_db_manager) by extensions ['python_setup_py']
[0.195s] colcon.colcon_core.package_identification Level 1 _identify(src/angel_db/angel_db_manager) by extension 'python_setup_py'
[0.343s] colcon.colcon_core.package_identification DEBUG Package 'src/angel_db/angel_db_manager' with type 'python' and name 'angel_db_manager'
[0.343s] colcon.colcon_core.package_identification Level 1 _identify(src/angel_msg_db) by extensions ['ignore', 'ignore_ament_install']
[0.343s] colcon.colcon_core.package_identification Level 1 _identify(src/angel_msg_db) by extension 'ignore'
[0.343s] colcon.colcon_core.package_identification Level 1 _identify(src/angel_msg_db) by extension 'ignore_ament_install'
[0.343s] colcon.colcon_core.package_identification Level 1 _identify(src/angel_msg_db) by extensions ['colcon_pkg']
[0.343s] colcon.colcon_core.package_identification Level 1 _identify(src/angel_msg_db) by extension 'colcon_pkg'
[0.344s] colcon.colcon_core.package_identification Level 1 _identify(src/angel_msg_db) by extensions ['colcon_meta']
[0.344s] colcon.colcon_core.package_identification Level 1 _identify(src/angel_msg_db) by extension 'colcon_meta'
[0.344s] colcon.colcon_core.package_identification Level 1 _identify(src/angel_msg_db) by extensions ['ros']
[0.344s] colcon.colcon_core.package_identification Level 1 _identify(src/angel_msg_db) by extension 'ros'
[0.345s] colcon.colcon_core.package_identification DEBUG Package 'src/angel_msg_db' with type 'ros.ament_cmake' and name 'angel_msg_db'
[0.346s] colcon.colcon_core.package_identification Level 1 _identify(src/angel_ss) by extensions ['ignore', 'ignore_ament_install']
[0.346s] colcon.colcon_core.package_identification Level 1 _identify(src/angel_ss) by extension 'ignore'
[0.346s] colcon.colcon_core.package_identification Level 1 _identify(src/angel_ss) by extension 'ignore_ament_install'
[0.346s] colcon.colcon_core.package_identification Level 1 _identify(src/angel_ss) by extensions ['colcon_pkg']
[0.346s] colcon.colcon_core.package_identification Level 1 _identify(src/angel_ss) by extension 'colcon_pkg'
[0.346s] colcon.colcon_core.package_identification Level 1 _identify(src/angel_ss) by extensions ['colcon_meta']
[0.346s] colcon.colcon_core.package_identification Level 1 _identify(src/angel_ss) by extension 'colcon_meta'
[0.346s] colcon.colcon_core.package_identification Level 1 _identify(src/angel_ss) by extensions ['ros']
[0.346s] colcon.colcon_core.package_identification Level 1 _identify(src/angel_ss) by extension 'ros'
[0.347s] colcon.colcon_core.package_identification DEBUG Package 'src/angel_ss' with type 'ros.ament_python' and name 'angel_ss'
[0.347s] colcon.colcon_core.package_identification Level 1 _identify(src/log) by extensions ['ignore', 'ignore_ament_install']
[0.347s] colcon.colcon_core.package_identification Level 1 _identify(src/log) by extension 'ignore'
[0.347s] colcon.colcon_core.package_identification Level 1 _identify(src/log) ignored
[0.347s] colcon.colcon_core.package_identification Level 1 _identify(src/websocket_bridge) by extensions ['ignore', 'ignore_ament_install']
[0.347s] colcon.colcon_core.package_identification Level 1 _identify(src/websocket_bridge) by extension 'ignore'
[0.347s] colcon.colcon_core.package_identification Level 1 _identify(src/websocket_bridge) by extension 'ignore_ament_install'
[0.347s] colcon.colcon_core.package_identification Level 1 _identify(src/websocket_bridge) by extensions ['colcon_pkg']
[0.347s] colcon.colcon_core.package_identification Level 1 _identify(src/websocket_bridge) by extension 'colcon_pkg'
[0.347s] colcon.colcon_core.package_identification Level 1 _identify(src/websocket_bridge) by extensions ['colcon_meta']
[0.347s] colcon.colcon_core.package_identification Level 1 _identify(src/websocket_bridge) by extension 'colcon_meta'
[0.347s] colcon.colcon_core.package_identification Level 1 _identify(src/websocket_bridge) by extensions ['ros']
[0.347s] colcon.colcon_core.package_identification Level 1 _identify(src/websocket_bridge) by extension 'ros'
[0.348s] colcon.colcon_core.package_identification DEBUG Package 'src/websocket_bridge' with type 'ros.ament_python' and name 'websocket_bridge'
[0.348s] colcon.colcon_core.package_discovery Level 1 discover_packages(recursive) using defaults
[0.348s] colcon.colcon_core.package_discovery Level 1 discover_packages(ignore) discover
[0.348s] colcon.colcon_core.package_discovery Level 1 discover_packages(ignore) using defaults
[0.348s] colcon.colcon_core.package_discovery Level 1 discover_packages(path) discover
[0.348s] colcon.colcon_core.package_discovery Level 1 discover_packages(path) using defaults
