[0.199s] colcon DEBUG Command line arguments: ['/usr/bin/colcon', 'list', '-p', '--base-paths', '/home/song/angel_db_test_docker/angel_db']
[0.199s] colcon DEBUG Parsed command line arguments: Namespace(base_paths=['/home/song/angel_db_test_docker/angel_db'], build_base='build', ignore_user_meta=False, log_base=None, log_level=None, main=<bound method ListVerb.main of <colcon_package_information.verb.list.ListVerb object at 0x7f47abbfb250>>, metas=['./colcon.meta'], names_only=False, packages_above=None, packages_above_and_dependencies=None, packages_above_depth=None, packages_end=None, packages_ignore=None, packages_ignore_regex=None, packages_select=None, packages_select_build_failed=False, packages_select_by_dep=None, packages_select_regex=None, packages_select_test_failures=False, packages_skip=None, packages_skip_build_finished=False, packages_skip_by_dep=None, packages_skip_regex=None, packages_skip_test_passed=False, packages_skip_up_to=None, packages_start=None, packages_up_to=None, packages_up_to_regex=None, paths=None, paths_only=True, topological_graph=False, topological_graph_density=False, topological_graph_dot=False, topological_graph_dot_cluster=False, topological_graph_dot_include_skipped=False, topological_graph_legend=False, topological_order=False, verb_extension=<colcon_package_information.verb.list.ListVerb object at 0x7f47abbfb250>, verb_name='list', verb_parser=<colcon_defaults.argument_parser.defaults.DefaultArgumentsDecorator object at 0x7f47abb77370>)
[0.212s] colcon.colcon_core.package_discovery Level 1 discover_packages(colcon_meta) check parameters
[0.212s] colcon.colcon_core.package_discovery Level 1 discover_packages(recursive) check parameters
[0.212s] colcon.colcon_core.package_discovery Level 1 discover_packages(ignore) check parameters
[0.212s] colcon.colcon_core.package_discovery Level 1 discover_packages(path) check parameters
[0.212s] colcon.colcon_core.package_discovery Level 1 discover_packages(recursive) discover
[0.212s] colcon.colcon_core.package_discovery INFO Crawling recursively for packages in '/home/song/angel_db_test_docker/angel_db'
[0.212s] colcon.colcon_core.package_identification Level 1 _identify(/home/song/angel_db_test_docker/angel_db) by extensions ['ignore', 'ignore_ament_install']
[0.213s] colcon.colcon_core.package_identification Level 1 _identify(/home/song/angel_db_test_docker/angel_db) by extension 'ignore'
[0.213s] colcon.colcon_core.package_identification Level 1 _identify(/home/song/angel_db_test_docker/angel_db) by extension 'ignore_ament_install'
[0.213s] colcon.colcon_core.package_identification Level 1 _identify(/home/song/angel_db_test_docker/angel_db) by extensions ['colcon_pkg']
[0.213s] colcon.colcon_core.package_identification Level 1 _identify(/home/song/angel_db_test_docker/angel_db) by extension 'colcon_pkg'
[0.213s] colcon.colcon_core.package_identification Level 1 _identify(/home/song/angel_db_test_docker/angel_db) by extensions ['colcon_meta']
[0.213s] colcon.colcon_core.package_identification Level 1 _identify(/home/song/angel_db_test_docker/angel_db) by extension 'colcon_meta'
[0.213s] colcon.colcon_core.package_identification Level 1 _identify(/home/song/angel_db_test_docker/angel_db) by extensions ['ros']
[0.213s] colcon.colcon_core.package_identification Level 1 _identify(/home/song/angel_db_test_docker/angel_db) by extension 'ros'
[0.220s] colcon.colcon_core.package_identification Level 1 _identify(/home/song/angel_db_test_docker/angel_db) by extensions ['cmake', 'python']
[0.220s] colcon.colcon_core.package_identification Level 1 _identify(/home/song/angel_db_test_docker/angel_db) by extension 'cmake'
[0.220s] colcon.colcon_core.package_identification Level 1 _identify(/home/song/angel_db_test_docker/angel_db) by extension 'python'
[0.220s] colcon.colcon_core.package_identification Level 1 _identify(/home/song/angel_db_test_docker/angel_db) by extensions ['python_setup_py']
[0.221s] colcon.colcon_core.package_identification Level 1 _identify(/home/song/angel_db_test_docker/angel_db) by extension 'python_setup_py'
[0.221s] colcon.colcon_core.package_identification Level 1 _identify(/home/song/angel_db_test_docker/angel_db/log) by extensions ['ignore', 'ignore_ament_install']
[0.221s] colcon.colcon_core.package_identification Level 1 _identify(/home/song/angel_db_test_docker/angel_db/log) by extension 'ignore'
[0.221s] colcon.colcon_core.package_identification Level 1 _identify(/home/song/angel_db_test_docker/angel_db/log) ignored
[0.221s] colcon.colcon_core.package_identification Level 1 _identify(/home/song/angel_db_test_docker/angel_db/src) by extensions ['ignore', 'ignore_ament_install']
[0.221s] colcon.colcon_core.package_identification Level 1 _identify(/home/song/angel_db_test_docker/angel_db/src) by extension 'ignore'
[0.221s] colcon.colcon_core.package_identification Level 1 _identify(/home/song/angel_db_test_docker/angel_db/src) by extension 'ignore_ament_install'
[0.221s] colcon.colcon_core.package_identification Level 1 _identify(/home/song/angel_db_test_docker/angel_db/src) by extensions ['colcon_pkg']
[0.221s] colcon.colcon_core.package_identification Level 1 _identify(/home/song/angel_db_test_docker/angel_db/src) by extension 'colcon_pkg'
[0.221s] colcon.colcon_core.package_identification Level 1 _identify(/home/song/angel_db_test_docker/angel_db/src) by extensions ['colcon_meta']
[0.221s] colcon.colcon_core.package_identification Level 1 _identify(/home/song/angel_db_test_docker/angel_db/src) by extension 'colcon_meta'
[0.221s] colcon.colcon_core.package_identification Level 1 _identify(/home/song/angel_db_test_docker/angel_db/src) by extensions ['ros']
[0.221s] colcon.colcon_core.package_identification Level 1 _identify(/home/song/angel_db_test_docker/angel_db/src) by extension 'ros'
[0.221s] colcon.colcon_core.package_identification Level 1 _identify(/home/song/angel_db_test_docker/angel_db/src) by extensions ['cmake', 'python']
[0.221s] colcon.colcon_core.package_identification Level 1 _identify(/home/song/angel_db_test_docker/angel_db/src) by extension 'cmake'
[0.221s] colcon.colcon_core.package_identification Level 1 _identify(/home/song/angel_db_test_docker/angel_db/src) by extension 'python'
[0.221s] colcon.colcon_core.package_identification Level 1 _identify(/home/song/angel_db_test_docker/angel_db/src) by extensions ['python_setup_py']
[0.221s] colcon.colcon_core.package_identification Level 1 _identify(/home/song/angel_db_test_docker/angel_db/src) by extension 'python_setup_py'
[0.221s] colcon.colcon_core.package_identification Level 1 _identify(/home/song/angel_db_test_docker/angel_db/src/angel_db) by extensions ['ignore', 'ignore_ament_install']
[0.221s] colcon.colcon_core.package_identification Level 1 _identify(/home/song/angel_db_test_docker/angel_db/src/angel_db) by extension 'ignore'
[0.221s] colcon.colcon_core.package_identification Level 1 _identify(/home/song/angel_db_test_docker/angel_db/src/angel_db) by extension 'ignore_ament_install'
[0.221s] colcon.colcon_core.package_identification Level 1 _identify(/home/song/angel_db_test_docker/angel_db/src/angel_db) by extensions ['colcon_pkg']
[0.221s] colcon.colcon_core.package_identification Level 1 _identify(/home/song/angel_db_test_docker/angel_db/src/angel_db) by extension 'colcon_pkg'
[0.221s] colcon.colcon_core.package_identification Level 1 _identify(/home/song/angel_db_test_docker/angel_db/src/angel_db) by extensions ['colcon_meta']
[0.221s] colcon.colcon_core.package_identification Level 1 _identify(/home/song/angel_db_test_docker/angel_db/src/angel_db) by extension 'colcon_meta'
[0.221s] colcon.colcon_core.package_identification Level 1 _identify(/home/song/angel_db_test_docker/angel_db/src/angel_db) by extensions ['ros']
[0.222s] colcon.colcon_core.package_identification Level 1 _identify(/home/song/angel_db_test_docker/angel_db/src/angel_db) by extension 'ros'
[0.222s] colcon.colcon_core.package_identification Level 1 _identify(/home/song/angel_db_test_docker/angel_db/src/angel_db) by extensions ['cmake', 'python']
[0.222s] colcon.colcon_core.package_identification Level 1 _identify(/home/song/angel_db_test_docker/angel_db/src/angel_db) by extension 'cmake'
[0.222s] colcon.colcon_core.package_identification Level 1 _identify(/home/song/angel_db_test_docker/angel_db/src/angel_db) by extension 'python'
[0.222s] colcon.colcon_core.package_identification Level 1 _identify(/home/song/angel_db_test_docker/angel_db/src/angel_db) by extensions ['python_setup_py']
[0.222s] colcon.colcon_core.package_identification Level 1 _identify(/home/song/angel_db_test_docker/angel_db/src/angel_db) by extension 'python_setup_py'
[0.222s] colcon.colcon_core.package_identification Level 1 _identify(/home/song/angel_db_test_docker/angel_db/src/angel_db/angel_db_manager) by extensions ['ignore', 'ignore_ament_install']
[0.222s] colcon.colcon_core.package_identification Level 1 _identify(/home/song/angel_db_test_docker/angel_db/src/angel_db/angel_db_manager) by extension 'ignore'
[0.222s] colcon.colcon_core.package_identification Level 1 _identify(/home/song/angel_db_test_docker/angel_db/src/angel_db/angel_db_manager) by extension 'ignore_ament_install'
[0.222s] colcon.colcon_core.package_identification Level 1 _identify(/home/song/angel_db_test_docker/angel_db/src/angel_db/angel_db_manager) by extensions ['colcon_pkg']
[0.222s] colcon.colcon_core.package_identification Level 1 _identify(/home/song/angel_db_test_docker/angel_db/src/angel_db/angel_db_manager) by extension 'colcon_pkg'
[0.222s] colcon.colcon_core.package_identification Level 1 _identify(/home/song/angel_db_test_docker/angel_db/src/angel_db/angel_db_manager) by extensions ['colcon_meta']
[0.222s] colcon.colcon_core.package_identification Level 1 _identify(/home/song/angel_db_test_docker/angel_db/src/angel_db/angel_db_manager) by extension 'colcon_meta'
[0.222s] colcon.colcon_core.package_identification Level 1 _identify(/home/song/angel_db_test_docker/angel_db/src/angel_db/angel_db_manager) by extensions ['ros']
[0.222s] colcon.colcon_core.package_identification Level 1 _identify(/home/song/angel_db_test_docker/angel_db/src/angel_db/angel_db_manager) by extension 'ros'
[0.223s] colcon.colcon_core.package_identification DEBUG Failed to parse potential ROS package manifest in'/home/song/angel_db_test_docker/angel_db/src/angel_db/angel_db_manager': Error(s) in package '/home/song/angel_db_test_docker/angel_db/src/angel_db/angel_db_manager/package.xml':
Error(s):
- The manifest of package "angel_db_manager" (with format version 2) must not contain the following tags: exec_depent
[0.223s] colcon.colcon_core.package_identification Level 1 _identify(/home/song/angel_db_test_docker/angel_db/src/angel_db/angel_db_manager) by extensions ['cmake', 'python']
[0.223s] colcon.colcon_core.package_identification Level 1 _identify(/home/song/angel_db_test_docker/angel_db/src/angel_db/angel_db_manager) by extension 'cmake'
[0.223s] colcon.colcon_core.package_identification Level 1 _identify(/home/song/angel_db_test_docker/angel_db/src/angel_db/angel_db_manager) by extension 'python'
[0.223s] colcon.colcon_core.package_identification DEBUG Python package in '/home/song/angel_db_test_docker/angel_db/src/angel_db/angel_db_manager' passes arguments to the setup() function which requires a different identification extension than 'python'
[0.223s] colcon.colcon_core.package_identification Level 1 _identify(/home/song/angel_db_test_docker/angel_db/src/angel_db/angel_db_manager) by extensions ['python_setup_py']
[0.223s] colcon.colcon_core.package_identification Level 1 _identify(/home/song/angel_db_test_docker/angel_db/src/angel_db/angel_db_manager) by extension 'python_setup_py'
[0.380s] colcon.colcon_core.package_identification DEBUG Package '/home/song/angel_db_test_docker/angel_db/src/angel_db/angel_db_manager' with type 'python' and name 'angel_db_manager'
[0.380s] colcon.colcon_core.package_identification Level 1 _identify(/home/song/angel_db_test_docker/angel_db/src/angel_msg_db) by extensions ['ignore', 'ignore_ament_install']
[0.380s] colcon.colcon_core.package_identification Level 1 _identify(/home/song/angel_db_test_docker/angel_db/src/angel_msg_db) by extension 'ignore'
[0.380s] colcon.colcon_core.package_identification Level 1 _identify(/home/song/angel_db_test_docker/angel_db/src/angel_msg_db) by extension 'ignore_ament_install'
[0.380s] colcon.colcon_core.package_identification Level 1 _identify(/home/song/angel_db_test_docker/angel_db/src/angel_msg_db) by extensions ['colcon_pkg']
[0.380s] colcon.colcon_core.package_identification Level 1 _identify(/home/song/angel_db_test_docker/angel_db/src/angel_msg_db) by extension 'colcon_pkg'
[0.381s] colcon.colcon_core.package_identification Level 1 _identify(/home/song/angel_db_test_docker/angel_db/src/angel_msg_db) by extensions ['colcon_meta']
[0.381s] colcon.colcon_core.package_identification Level 1 _identify(/home/song/angel_db_test_docker/angel_db/src/angel_msg_db) by extension 'colcon_meta'
[0.381s] colcon.colcon_core.package_identification Level 1 _identify(/home/song/angel_db_test_docker/angel_db/src/angel_msg_db) by extensions ['ros']
[0.381s] colcon.colcon_core.package_identification Level 1 _identify(/home/song/angel_db_test_docker/angel_db/src/angel_msg_db) by extension 'ros'
[0.382s] colcon.colcon_core.package_identification DEBUG Package '/home/song/angel_db_test_docker/angel_db/src/angel_msg_db' with type 'ros.ament_cmake' and name 'angel_msg_db'
[0.382s] colcon.colcon_core.package_identification Level 1 _identify(/home/song/angel_db_test_docker/angel_db/src/angel_ss) by extensions ['ignore', 'ignore_ament_install']
[0.382s] colcon.colcon_core.package_identification Level 1 _identify(/home/song/angel_db_test_docker/angel_db/src/angel_ss) by extension 'ignore'
[0.382s] colcon.colcon_core.package_identification Level 1 _identify(/home/song/angel_db_test_docker/angel_db/src/angel_ss) by extension 'ignore_ament_install'
[0.383s] colcon.colcon_core.package_identification Level 1 _identify(/home/song/angel_db_test_docker/angel_db/src/angel_ss) by extensions ['colcon_pkg']
[0.383s] colcon.colcon_core.package_identification Level 1 _identify(/home/song/angel_db_test_docker/angel_db/src/angel_ss) by extension 'colcon_pkg'
[0.383s] colcon.colcon_core.package_identification Level 1 _identify(/home/song/angel_db_test_docker/angel_db/src/angel_ss) by extensions ['colcon_meta']
[0.383s] colcon.colcon_core.package_identification Level 1 _identify(/home/song/angel_db_test_docker/angel_db/src/angel_ss) by extension 'colcon_meta'
[0.383s] colcon.colcon_core.package_identification Level 1 _identify(/home/song/angel_db_test_docker/angel_db/src/angel_ss) by extensions ['ros']
[0.383s] colcon.colcon_core.package_identification Level 1 _identify(/home/song/angel_db_test_docker/angel_db/src/angel_ss) by extension 'ros'
[0.383s] colcon.colcon_core.package_identification DEBUG Package '/home/song/angel_db_test_docker/angel_db/src/angel_ss' with type 'ros.ament_python' and name 'angel_ss'
[0.383s] colcon.colcon_core.package_identification Level 1 _identify(/home/song/angel_db_test_docker/angel_db/src/log) by extensions ['ignore', 'ignore_ament_install']
[0.383s] colcon.colcon_core.package_identification Level 1 _identify(/home/song/angel_db_test_docker/angel_db/src/log) by extension 'ignore'
[0.383s] colcon.colcon_core.package_identification Level 1 _identify(/home/song/angel_db_test_docker/angel_db/src/log) ignored
[0.383s] colcon.colcon_core.package_identification Level 1 _identify(/home/song/angel_db_test_docker/angel_db/src/websocket_bridge) by extensions ['ignore', 'ignore_ament_install']
[0.383s] colcon.colcon_core.package_identification Level 1 _identify(/home/song/angel_db_test_docker/angel_db/src/websocket_bridge) by extension 'ignore'
[0.384s] colcon.colcon_core.package_identification Level 1 _identify(/home/song/angel_db_test_docker/angel_db/src/websocket_bridge) by extension 'ignore_ament_install'
[0.384s] colcon.colcon_core.package_identification Level 1 _identify(/home/song/angel_db_test_docker/angel_db/src/websocket_bridge) by extensions ['colcon_pkg']
[0.384s] colcon.colcon_core.package_identification Level 1 _identify(/home/song/angel_db_test_docker/angel_db/src/websocket_bridge) by extension 'colcon_pkg'
[0.384s] colcon.colcon_core.package_identification Level 1 _identify(/home/song/angel_db_test_docker/angel_db/src/websocket_bridge) by extensions ['colcon_meta']
[0.384s] colcon.colcon_core.package_identification Level 1 _identify(/home/song/angel_db_test_docker/angel_db/src/websocket_bridge) by extension 'colcon_meta'
[0.384s] colcon.colcon_core.package_identification Level 1 _identify(/home/song/angel_db_test_docker/angel_db/src/websocket_bridge) by extensions ['ros']
[0.384s] colcon.colcon_core.package_identification Level 1 _identify(/home/song/angel_db_test_docker/angel_db/src/websocket_bridge) by extension 'ros'
[0.384s] colcon.colcon_core.package_identification DEBUG Package '/home/song/angel_db_test_docker/angel_db/src/websocket_bridge' with type 'ros.ament_python' and name 'websocket_bridge'
[0.384s] colcon.colcon_core.package_discovery Level 1 discover_packages(recursive) using defaults
