[0.237s] colcon DEBUG Command line arguments: ['/usr/bin/colcon', 'list', '-n']
[0.237s] colcon DEBUG Parsed command line arguments: Namespace(base_paths=['.'], build_base='build', ignore_user_meta=False, log_base=None, log_level=None, main=<bound method ListVerb.main of <colcon_package_information.verb.list.ListVerb object at 0x7fd775e00700>>, metas=['./colcon.meta'], names_only=True, packages_above=None, packages_above_and_dependencies=None, packages_above_depth=None, packages_end=None, packages_ignore=None, packages_ignore_regex=None, packages_select=None, packages_select_build_failed=False, packages_select_by_dep=None, packages_select_regex=None, packages_select_test_failures=False, packages_skip=None, packages_skip_build_finished=False, packages_skip_by_dep=None, packages_skip_regex=None, packages_skip_test_passed=False, packages_skip_up_to=None, packages_start=None, packages_up_to=None, packages_up_to_regex=None, paths=None, paths_only=False, topological_graph=False, topological_graph_density=False, topological_graph_dot=False, topological_graph_dot_cluster=False, topological_graph_dot_include_skipped=False, topological_graph_legend=False, topological_order=False, verb_extension=<colcon_package_information.verb.list.ListVerb object at 0x7fd775e00700>, verb_name='list', verb_parser=<colcon_defaults.argument_parser.defaults.DefaultArgumentsDecorator object at 0x7fd775d7c460>)
[0.253s] colcon.colcon_core.package_discovery Level 1 discover_packages(colcon_meta) check parameters
[0.253s] colcon.colcon_core.package_discovery Level 1 discover_packages(recursive) check parameters
[0.253s] colcon.colcon_core.package_discovery Level 1 discover_packages(ignore) check parameters
[0.253s] colcon.colcon_core.package_discovery Level 1 discover_packages(path) check parameters
[0.253s] colcon.colcon_core.package_discovery Level 1 discover_packages(colcon_meta) discover
[0.253s] colcon.colcon_core.package_discovery Level 1 discover_packages(recursive) discover
[0.253s] colcon.colcon_core.package_discovery INFO Crawling recursively for packages in '/home/song/angel_db_test/src'
[0.253s] colcon.colcon_core.package_identification Level 1 _identify(.) by extensions ['ignore', 'ignore_ament_install']
[0.253s] colcon.colcon_core.package_identification Level 1 _identify(.) by extension 'ignore'
[0.254s] colcon.colcon_core.package_identification Level 1 _identify(.) by extension 'ignore_ament_install'
[0.254s] colcon.colcon_core.package_identification Level 1 _identify(.) by extensions ['colcon_pkg']
[0.254s] colcon.colcon_core.package_identification Level 1 _identify(.) by extension 'colcon_pkg'
[0.254s] colcon.colcon_core.package_identification Level 1 _identify(.) by extensions ['colcon_meta']
[0.254s] colcon.colcon_core.package_identification Level 1 _identify(.) by extension 'colcon_meta'
[0.254s] colcon.colcon_core.package_identification Level 1 _identify(.) by extensions ['ros']
[0.254s] colcon.colcon_core.package_identification Level 1 _identify(.) by extension 'ros'
[0.262s] colcon.colcon_core.package_identification Level 1 _identify(.) by extensions ['cmake', 'python']
[0.262s] colcon.colcon_core.package_identification Level 1 _identify(.) by extension 'cmake'
[0.262s] colcon.colcon_core.package_identification Level 1 _identify(.) by extension 'python'
[0.262s] colcon.colcon_core.package_identification Level 1 _identify(.) by extensions ['python_setup_py']
[0.262s] colcon.colcon_core.package_identification Level 1 _identify(.) by extension 'python_setup_py'
[0.262s] colcon.colcon_core.package_identification Level 1 _identify(angel_db) by extensions ['ignore', 'ignore_ament_install']
[0.262s] colcon.colcon_core.package_identification Level 1 _identify(angel_db) by extension 'ignore'
[0.262s] colcon.colcon_core.package_identification Level 1 _identify(angel_db) by extension 'ignore_ament_install'
[0.262s] colcon.colcon_core.package_identification Level 1 _identify(angel_db) by extensions ['colcon_pkg']
[0.262s] colcon.colcon_core.package_identification Level 1 _identify(angel_db) by extension 'colcon_pkg'
[0.262s] colcon.colcon_core.package_identification Level 1 _identify(angel_db) by extensions ['colcon_meta']
[0.262s] colcon.colcon_core.package_identification Level 1 _identify(angel_db) by extension 'colcon_meta'
[0.262s] colcon.colcon_core.package_identification Level 1 _identify(angel_db) by extensions ['ros']
[0.262s] colcon.colcon_core.package_identification Level 1 _identify(angel_db) by extension 'ros'
[0.262s] colcon.colcon_core.package_identification Level 1 _identify(angel_db) by extensions ['cmake', 'python']
[0.262s] colcon.colcon_core.package_identification Level 1 _identify(angel_db) by extension 'cmake'
[0.262s] colcon.colcon_core.package_identification Level 1 _identify(angel_db) by extension 'python'
[0.262s] colcon.colcon_core.package_identification Level 1 _identify(angel_db) by extensions ['python_setup_py']
[0.262s] colcon.colcon_core.package_identification Level 1 _identify(angel_db) by extension 'python_setup_py'
[0.262s] colcon.colcon_core.package_identification Level 1 _identify(angel_db/angel_db_manager) by extensions ['ignore', 'ignore_ament_install']
[0.263s] colcon.colcon_core.package_identification Level 1 _identify(angel_db/angel_db_manager) by extension 'ignore'
[0.263s] colcon.colcon_core.package_identification Level 1 _identify(angel_db/angel_db_manager) by extension 'ignore_ament_install'
[0.263s] colcon.colcon_core.package_identification Level 1 _identify(angel_db/angel_db_manager) by extensions ['colcon_pkg']
[0.263s] colcon.colcon_core.package_identification Level 1 _identify(angel_db/angel_db_manager) by extension 'colcon_pkg'
[0.263s] colcon.colcon_core.package_identification Level 1 _identify(angel_db/angel_db_manager) by extensions ['colcon_meta']
[0.263s] colcon.colcon_core.package_identification Level 1 _identify(angel_db/angel_db_manager) by extension 'colcon_meta'
[0.263s] colcon.colcon_core.package_identification Level 1 _identify(angel_db/angel_db_manager) by extensions ['ros']
[0.263s] colcon.colcon_core.package_identification Level 1 _identify(angel_db/angel_db_manager) by extension 'ros'
[0.264s] colcon.colcon_core.package_identification DEBUG Package 'angel_db/angel_db_manager' with type 'ros.ament_python' and name 'angel_db_manager'
[0.264s] colcon.colcon_core.package_identification Level 1 _identify(angel_msg_db) by extensions ['ignore', 'ignore_ament_install']
[0.264s] colcon.colcon_core.package_identification Level 1 _identify(angel_msg_db) by extension 'ignore'
[0.264s] colcon.colcon_core.package_identification Level 1 _identify(angel_msg_db) by extension 'ignore_ament_install'
[0.264s] colcon.colcon_core.package_identification Level 1 _identify(angel_msg_db) by extensions ['colcon_pkg']
[0.264s] colcon.colcon_core.package_identification Level 1 _identify(angel_msg_db) by extension 'colcon_pkg'
[0.264s] colcon.colcon_core.package_identification Level 1 _identify(angel_msg_db) by extensions ['colcon_meta']
[0.265s] colcon.colcon_core.package_identification Level 1 _identify(angel_msg_db) by extension 'colcon_meta'
[0.265s] colcon.colcon_core.package_identification Level 1 _identify(angel_msg_db) by extensions ['ros']
[0.265s] colcon.colcon_core.package_identification Level 1 _identify(angel_msg_db) by extension 'ros'
[0.265s] colcon.colcon_core.package_identification DEBUG Package 'angel_msg_db' with type 'ros.ament_cmake' and name 'angel_msg_db'
[0.265s] colcon.colcon_core.package_identification Level 1 _identify(angel_ss) by extensions ['ignore', 'ignore_ament_install']
[0.265s] colcon.colcon_core.package_identification Level 1 _identify(angel_ss) by extension 'ignore'
[0.265s] colcon.colcon_core.package_identification Level 1 _identify(angel_ss) by extension 'ignore_ament_install'
[0.265s] colcon.colcon_core.package_identification Level 1 _identify(angel_ss) by extensions ['colcon_pkg']
[0.265s] colcon.colcon_core.package_identification Level 1 _identify(angel_ss) by extension 'colcon_pkg'
[0.265s] colcon.colcon_core.package_identification Level 1 _identify(angel_ss) by extensions ['colcon_meta']
[0.265s] colcon.colcon_core.package_identification Level 1 _identify(angel_ss) by extension 'colcon_meta'
[0.265s] colcon.colcon_core.package_identification Level 1 _identify(angel_ss) by extensions ['ros']
[0.265s] colcon.colcon_core.package_identification Level 1 _identify(angel_ss) by extension 'ros'
[0.266s] colcon.colcon_core.package_identification DEBUG Package 'angel_ss' with type 'ros.ament_python' and name 'angel_ss'
[0.266s] colcon.colcon_core.package_identification Level 1 _identify(log) by extensions ['ignore', 'ignore_ament_install']
[0.266s] colcon.colcon_core.package_identification Level 1 _identify(log) by extension 'ignore'
[0.266s] colcon.colcon_core.package_identification Level 1 _identify(log) ignored
[0.266s] colcon.colcon_core.package_identification Level 1 _identify(my_package) by extensions ['ignore', 'ignore_ament_install']
[0.266s] colcon.colcon_core.package_identification Level 1 _identify(my_package) by extension 'ignore'
[0.266s] colcon.colcon_core.package_identification Level 1 _identify(my_package) by extension 'ignore_ament_install'
[0.266s] colcon.colcon_core.package_identification Level 1 _identify(my_package) by extensions ['colcon_pkg']
[0.266s] colcon.colcon_core.package_identification Level 1 _identify(my_package) by extension 'colcon_pkg'
[0.266s] colcon.colcon_core.package_identification Level 1 _identify(my_package) by extensions ['colcon_meta']
[0.266s] colcon.colcon_core.package_identification Level 1 _identify(my_package) by extension 'colcon_meta'
[0.266s] colcon.colcon_core.package_identification Level 1 _identify(my_package) by extensions ['ros']
[0.266s] colcon.colcon_core.package_identification Level 1 _identify(my_package) by extension 'ros'
[0.267s] colcon.colcon_core.package_identification DEBUG Package 'my_package' with type 'ros.ament_python' and name 'my_package'
[0.267s] colcon.colcon_core.package_identification Level 1 _identify(websocket_bridge) by extensions ['ignore', 'ignore_ament_install']
[0.267s] colcon.colcon_core.package_identification Level 1 _identify(websocket_bridge) by extension 'ignore'
[0.267s] colcon.colcon_core.package_identification Level 1 _identify(websocket_bridge) by extension 'ignore_ament_install'
[0.267s] colcon.colcon_core.package_identification Level 1 _identify(websocket_bridge) by extensions ['colcon_pkg']
[0.267s] colcon.colcon_core.package_identification Level 1 _identify(websocket_bridge) by extension 'colcon_pkg'
[0.267s] colcon.colcon_core.package_identification Level 1 _identify(websocket_bridge) by extensions ['colcon_meta']
[0.267s] colcon.colcon_core.package_identification Level 1 _identify(websocket_bridge) by extension 'colcon_meta'
[0.267s] colcon.colcon_core.package_identification Level 1 _identify(websocket_bridge) by extensions ['ros']
[0.267s] colcon.colcon_core.package_identification Level 1 _identify(websocket_bridge) by extension 'ros'
[0.267s] colcon.colcon_core.package_identification DEBUG Package 'websocket_bridge' with type 'ros.ament_python' and name 'websocket_bridge'
[0.267s] colcon.colcon_core.package_discovery Level 1 discover_packages(recursive) using defaults
[0.268s] colcon.colcon_core.package_discovery Level 1 discover_packages(ignore) discover
[0.268s] colcon.colcon_core.package_discovery Level 1 discover_packages(ignore) using defaults
[0.268s] colcon.colcon_core.package_discovery Level 1 discover_packages(path) discover
[0.268s] colcon.colcon_core.package_discovery Level 1 discover_packages(path) using defaults
