[0.186s] colcon DEBUG Command line arguments: ['/usr/bin/colcon', 'list', '-n']
[0.186s] colcon DEBUG Parsed command line arguments: Namespace(base_paths=['.'], build_base='build', ignore_user_meta=False, log_base=None, log_level=None, main=<bound method ListVerb.main of <colcon_package_information.verb.list.ListVerb object at 0x7f7a5a137790>>, metas=['./colcon.meta'], names_only=True, packages_above=None, packages_above_and_dependencies=None, packages_above_depth=None, packages_end=None, packages_ignore=None, packages_ignore_regex=None, packages_select=None, packages_select_build_failed=False, packages_select_by_dep=None, packages_select_regex=None, packages_select_test_failures=False, packages_skip=None, packages_skip_build_finished=False, packages_skip_by_dep=None, packages_skip_regex=None, packages_skip_test_passed=False, packages_skip_up_to=None, packages_start=None, packages_up_to=None, packages_up_to_regex=None, paths=None, paths_only=False, topological_graph=False, topological_graph_density=False, topological_graph_dot=False, topological_graph_dot_cluster=False, topological_graph_dot_include_skipped=False, topological_graph_legend=False, topological_order=False, verb_extension=<colcon_package_information.verb.list.ListVerb object at 0x7f7a5a137790>, verb_name='list', verb_parser=<colcon_defaults.argument_parser.defaults.DefaultArgumentsDecorator object at 0x7f7a5a0b34f0>)
[0.199s] colcon.colcon_core.package_discovery Level 1 discover_packages(colcon_meta) check parameters
[0.199s] colcon.colcon_core.package_discovery Level 1 discover_packages(recursive) check parameters
[0.199s] colcon.colcon_core.package_discovery Level 1 discover_packages(ignore) check parameters
[0.199s] colcon.colcon_core.package_discovery Level 1 discover_packages(path) check parameters
[0.199s] colcon.colcon_core.package_discovery Level 1 discover_packages(colcon_meta) discover
[0.199s] colcon.colcon_core.package_discovery Level 1 discover_packages(recursive) discover
[0.199s] colcon.colcon_core.package_discovery INFO Crawling recursively for packages in '/home/song/angel_db_test2/src/angel_db_manager'
[0.199s] colcon.colcon_core.package_identification Level 1 _identify(.) by extensions ['ignore', 'ignore_ament_install']
[0.199s] colcon.colcon_core.package_identification Level 1 _identify(.) by extension 'ignore'
[0.199s] colcon.colcon_core.package_identification Level 1 _identify(.) by extension 'ignore_ament_install'
[0.199s] colcon.colcon_core.package_identification Level 1 _identify(.) by extensions ['colcon_pkg']
[0.199s] colcon.colcon_core.package_identification Level 1 _identify(.) by extension 'colcon_pkg'
[0.199s] colcon.colcon_core.package_identification Level 1 _identify(.) by extensions ['colcon_meta']
[0.199s] colcon.colcon_core.package_identification Level 1 _identify(.) by extension 'colcon_meta'
[0.199s] colcon.colcon_core.package_identification Level 1 _identify(.) by extensions ['ros']
[0.199s] colcon.colcon_core.package_identification Level 1 _identify(.) by extension 'ros'
[0.208s] colcon.colcon_core.package_identification DEBUG Package '.' with type 'ros.ament_python' and name 'angel_db_manager'
[0.208s] colcon.colcon_core.package_discovery Level 1 discover_packages(recursive) using defaults
[0.208s] colcon.colcon_core.package_discovery Level 1 discover_packages(ignore) discover
[0.208s] colcon.colcon_core.package_discovery Level 1 discover_packages(ignore) using defaults
[0.208s] colcon.colcon_core.package_discovery Level 1 discover_packages(path) discover
[0.208s] colcon.colcon_core.package_discovery Level 1 discover_packages(path) using defaults
